22:28:46.157 [main] INFO  testCases.TC_001_AccountRegistration - opening application..
22:28:47.052 [main] INFO  testCases.TC_001_AccountRegistration - opened Registration page..
17:13:15.491 [main] INFO  testCases.TC_001_AccountRegistration - opening application..
17:13:20.413 [main] INFO  testCases.TC_001_AccountRegistration - opened Registration page..
17:13:20.832 [main] INFO  testCases.TC_001_AccountRegistration - First name provided..
17:13:20.932 [main] INFO  testCases.TC_001_AccountRegistration - Last name provided..
17:13:29.887 [main] INFO  testCases.TC_001_AccountRegistration - Email provided..
17:13:29.987 [main] INFO  testCases.TC_001_AccountRegistration - Number provided..
17:13:30.093 [main] INFO  testCases.TC_001_AccountRegistration - Password provided..
17:13:30.183 [main] INFO  testCases.TC_001_AccountRegistration - Confirm password provided..
17:13:30.371 [main] INFO  testCases.TC_001_AccountRegistration - policy checked..
17:13:37.080 [main] INFO  testCases.TC_001_AccountRegistration - Clicked continue..
19:18:56.680 [main] INFO  testCases.TC_001_AccountRegistration - opening application..
19:18:57.552 [main] INFO  testCases.TC_001_AccountRegistration - opened Registration page..
19:22:28.689 [main] INFO  testCases.TC_001_AccountRegistration - opening application..
19:22:29.842 [main] INFO  testCases.TC_001_AccountRegistration - opened Registration page..
19:22:29.921 [main] INFO  testCases.TC_001_AccountRegistration - First name provided..
19:22:29.981 [main] INFO  testCases.TC_001_AccountRegistration - Last name provided..
19:22:30.050 [main] INFO  testCases.TC_001_AccountRegistration - Email provided..
19:22:30.113 [main] INFO  testCases.TC_001_AccountRegistration - Number provided..
19:22:30.168 [main] INFO  testCases.TC_001_AccountRegistration - Password provided..
19:22:30.221 [main] INFO  testCases.TC_001_AccountRegistration - Confirm password provided..
19:22:30.266 [main] INFO  testCases.TC_001_AccountRegistration - policy checked..
19:22:31.072 [main] INFO  testCases.TC_001_AccountRegistration - Clicked continue..
19:27:58.264 [main] INFO  testCases.TC_001_AccountRegistration - opening application..
19:27:59.076 [main] INFO  testCases.TC_001_AccountRegistration - opened Registration page..
19:27:59.152 [main] INFO  testCases.TC_001_AccountRegistration - First name provided..
19:27:59.207 [main] INFO  testCases.TC_001_AccountRegistration - Last name provided..
19:27:59.268 [main] INFO  testCases.TC_001_AccountRegistration - Email provided..
19:27:59.321 [main] INFO  testCases.TC_001_AccountRegistration - Number provided..
19:27:59.377 [main] INFO  testCases.TC_001_AccountRegistration - Password provided..
19:27:59.429 [main] INFO  testCases.TC_001_AccountRegistration - Confirm password provided..
19:27:59.474 [main] INFO  testCases.TC_001_AccountRegistration - policy checked..
19:28:00.306 [main] INFO  testCases.TC_001_AccountRegistration - Clicked continue..
19:46:53.111 [main] INFO  testCases.TC_001_AccountRegistration - Launched edge Browser
19:46:55.446 [main] INFO  testCases.TC_001_AccountRegistration - opening application..
19:46:57.074 [main] INFO  testCases.TC_001_AccountRegistration - opened Registration page..
19:46:57.185 [main] INFO  testCases.TC_001_AccountRegistration - First name provided..
19:46:57.254 [main] INFO  testCases.TC_001_AccountRegistration - Last name provided..
19:46:57.331 [main] INFO  testCases.TC_001_AccountRegistration - Email provided..
19:46:57.393 [main] INFO  testCases.TC_001_AccountRegistration - Number provided..
19:46:57.458 [main] INFO  testCases.TC_001_AccountRegistration - Password provided..
19:46:57.536 [main] INFO  testCases.TC_001_AccountRegistration - Confirm password provided..
19:46:57.589 [main] INFO  testCases.TC_001_AccountRegistration - policy checked..
19:46:58.508 [main] INFO  testCases.TC_001_AccountRegistration - Clicked continue..
19:47:39.807 [main] INFO  testCases.TC_001_AccountRegistration - Launched firefox Browser
19:47:44.608 [main] INFO  testCases.TC_001_AccountRegistration - opening application..
19:47:47.294 [main] INFO  testCases.TC_001_AccountRegistration - opened Registration page..
19:47:48.198 [main] INFO  testCases.TC_001_AccountRegistration - First name provided..
19:47:48.291 [main] INFO  testCases.TC_001_AccountRegistration - Last name provided..
19:47:48.606 [main] INFO  testCases.TC_001_AccountRegistration - Email provided..
19:47:48.809 [main] INFO  testCases.TC_001_AccountRegistration - Number provided..
19:47:48.978 [main] INFO  testCases.TC_001_AccountRegistration - Password provided..
19:47:49.026 [main] INFO  testCases.TC_001_AccountRegistration - Confirm password provided..
19:47:49.263 [main] INFO  testCases.TC_001_AccountRegistration - policy checked..
19:47:50.308 [main] INFO  testCases.TC_001_AccountRegistration - Clicked continue..
19:49:03.414 [main] INFO  testCases.TC_001_AccountRegistration - Launched firefox Browser
19:49:06.264 [main] INFO  testCases.TC_001_AccountRegistration - opening application..
19:49:07.374 [main] INFO  testCases.TC_001_AccountRegistration - opened Registration page..
19:49:07.498 [main] INFO  testCases.TC_001_AccountRegistration - First name provided..
19:49:07.689 [main] INFO  testCases.TC_001_AccountRegistration - Last name provided..
19:49:07.807 [main] INFO  testCases.TC_001_AccountRegistration - Email provided..
19:49:07.889 [main] INFO  testCases.TC_001_AccountRegistration - Number provided..
19:49:08.172 [main] INFO  testCases.TC_001_AccountRegistration - Password provided..
19:49:08.346 [main] INFO  testCases.TC_001_AccountRegistration - Confirm password provided..
19:49:09.087 [main] INFO  testCases.TC_001_AccountRegistration - policy checked..
19:49:10.254 [main] INFO  testCases.TC_001_AccountRegistration - Clicked continue..
19:55:46.297 [TestNG-tests-1] INFO  testCases.TC_001_AccountRegistration - Launched Chrome Browser
19:55:46.297 [TestNG-tests-2] INFO  testCases.TC_001_AccountRegistration - Launched edge Browser
19:55:51.903 [TestNG-tests-1] INFO  testCases.TC_001_AccountRegistration - opening application..
19:55:53.517 [TestNG-tests-2] INFO  testCases.TC_001_AccountRegistration - opening application..
19:55:53.767 [TestNG-tests-1] INFO  testCases.TC_001_AccountRegistration - opened Registration page..
19:55:54.079 [TestNG-tests-1] INFO  testCases.TC_001_AccountRegistration - First name provided..
19:55:54.346 [TestNG-tests-1] INFO  testCases.TC_001_AccountRegistration - Last name provided..
19:55:54.554 [TestNG-tests-1] INFO  testCases.TC_001_AccountRegistration - Email provided..
19:55:54.746 [TestNG-tests-1] INFO  testCases.TC_001_AccountRegistration - Number provided..
19:55:54.960 [TestNG-tests-1] INFO  testCases.TC_001_AccountRegistration - Password provided..
19:55:55.081 [TestNG-tests-2] INFO  testCases.TC_001_AccountRegistration - opened Registration page..
19:55:55.120 [TestNG-tests-1] INFO  testCases.TC_001_AccountRegistration - Confirm password provided..
19:55:55.203 [TestNG-tests-2] INFO  testCases.TC_001_AccountRegistration - First name provided..
19:55:55.223 [TestNG-tests-1] INFO  testCases.TC_001_AccountRegistration - policy checked..
19:55:55.353 [TestNG-tests-2] INFO  testCases.TC_001_AccountRegistration - Last name provided..
19:55:55.453 [TestNG-tests-2] INFO  testCases.TC_001_AccountRegistration - Email provided..
19:55:55.523 [TestNG-tests-2] INFO  testCases.TC_001_AccountRegistration - Number provided..
19:55:55.614 [TestNG-tests-2] INFO  testCases.TC_001_AccountRegistration - Password provided..
19:55:55.675 [TestNG-tests-2] INFO  testCases.TC_001_AccountRegistration - Confirm password provided..
19:55:55.726 [TestNG-tests-2] INFO  testCases.TC_001_AccountRegistration - policy checked..
19:55:56.194 [TestNG-tests-1] INFO  testCases.TC_001_AccountRegistration - Clicked continue..
19:55:56.675 [TestNG-tests-2] INFO  testCases.TC_001_AccountRegistration - Clicked continue..
19:56:02.560 [TestNG-tests-3] INFO  testCases.TC_001_AccountRegistration - Launched firefox Browser
19:56:05.226 [TestNG-tests-3] INFO  testCases.TC_001_AccountRegistration - opening application..
19:56:06.862 [TestNG-tests-3] INFO  testCases.TC_001_AccountRegistration - opened Registration page..
19:56:07.074 [TestNG-tests-3] INFO  testCases.TC_001_AccountRegistration - First name provided..
19:56:07.291 [TestNG-tests-3] INFO  testCases.TC_001_AccountRegistration - Last name provided..
19:56:07.524 [TestNG-tests-3] INFO  testCases.TC_001_AccountRegistration - Email provided..
19:56:07.632 [TestNG-tests-3] INFO  testCases.TC_001_AccountRegistration - Number provided..
19:56:07.662 [TestNG-tests-3] INFO  testCases.TC_001_AccountRegistration - Password provided..
19:56:07.858 [TestNG-tests-3] INFO  testCases.TC_001_AccountRegistration - Confirm password provided..
19:56:08.219 [TestNG-tests-3] INFO  testCases.TC_001_AccountRegistration - policy checked..
19:56:10.245 [TestNG-tests-3] INFO  testCases.TC_001_AccountRegistration - Clicked continue..
21:10:35.177 [main] INFO  testCases.TC_001_AccountRegistration - Launched CHROME Browser
21:10:37.464 [main] INFO  testCases.TC_001_AccountRegistration - opening application..
21:10:38.474 [main] INFO  testCases.TC_001_AccountRegistration - opened Registration page..
21:10:38.572 [main] INFO  testCases.TC_001_AccountRegistration - First name provided..
21:10:38.641 [main] INFO  testCases.TC_001_AccountRegistration - Last name provided..
21:10:38.712 [main] INFO  testCases.TC_001_AccountRegistration - Email provided..
21:10:38.790 [main] INFO  testCases.TC_001_AccountRegistration - Number provided..
21:10:38.857 [main] INFO  testCases.TC_001_AccountRegistration - Password provided..
21:10:38.915 [main] INFO  testCases.TC_001_AccountRegistration - Confirm password provided..
21:10:38.975 [main] INFO  testCases.TC_001_AccountRegistration - policy checked..
21:10:39.781 [main] INFO  testCases.TC_001_AccountRegistration - Clicked continue..
21:10:39.828 [main] INFO  testCases.TC_001_AccountRegistration - Registration successful
21:12:04.628 [main] INFO  testCases.TC_001_AccountRegistration - Launched CHROME Browser
21:12:06.882 [main] INFO  testCases.TC_001_AccountRegistration - opening application..
21:12:08.205 [main] INFO  testCases.TC_001_AccountRegistration - opened Registration page..
21:12:08.326 [main] INFO  testCases.TC_001_AccountRegistration - First name provided..
21:12:08.398 [main] INFO  testCases.TC_001_AccountRegistration - Last name provided..
21:12:08.474 [main] INFO  testCases.TC_001_AccountRegistration - Email provided..
21:12:08.547 [main] INFO  testCases.TC_001_AccountRegistration - Number provided..
21:12:08.615 [main] INFO  testCases.TC_001_AccountRegistration - Password provided..
21:12:08.688 [main] INFO  testCases.TC_001_AccountRegistration - Confirm password provided..
21:12:08.744 [main] INFO  testCases.TC_001_AccountRegistration - policy checked..
21:12:09.548 [main] INFO  testCases.TC_001_AccountRegistration - Clicked continue..
21:12:09.790 [main] INFO  testCases.TC_001_AccountRegistration - Registration Failed
21:17:20.139 [main] INFO  testCases.TC_001_AccountRegistration - Launched CHROME Browser
21:17:23.007 [main] INFO  testCases.TC_001_AccountRegistration - opening application..
21:17:23.705 [main] INFO  testCases.TC_001_AccountRegistration - opened Registration page..
21:17:23.787 [main] INFO  testCases.TC_001_AccountRegistration - First name provided..
21:17:23.847 [main] INFO  testCases.TC_001_AccountRegistration - Last name provided..
21:17:23.912 [main] INFO  testCases.TC_001_AccountRegistration - Email provided..
21:17:23.966 [main] INFO  testCases.TC_001_AccountRegistration - Number provided..
21:17:24.025 [main] INFO  testCases.TC_001_AccountRegistration - Password provided..
21:17:24.080 [main] INFO  testCases.TC_001_AccountRegistration - Confirm password provided..
21:17:24.127 [main] INFO  testCases.TC_001_AccountRegistration - policy checked..
21:17:24.948 [main] INFO  testCases.TC_001_AccountRegistration - Clicked continue..
21:17:24.991 [main] INFO  testCases.TC_001_AccountRegistration - Registration successful
21:18:20.095 [main] INFO  testCases.TC_001_AccountRegistration - Launched CHROME Browser
21:18:22.639 [main] INFO  testCases.TC_001_AccountRegistration - opening application..
21:18:23.407 [main] INFO  testCases.TC_001_AccountRegistration - opened Registration page..
21:18:23.475 [main] INFO  testCases.TC_001_AccountRegistration - First name provided..
21:18:23.530 [main] INFO  testCases.TC_001_AccountRegistration - Last name provided..
21:18:23.639 [main] INFO  testCases.TC_001_AccountRegistration - Email provided..
21:18:23.691 [main] INFO  testCases.TC_001_AccountRegistration - Number provided..
21:18:23.743 [main] INFO  testCases.TC_001_AccountRegistration - Password provided..
21:18:23.793 [main] INFO  testCases.TC_001_AccountRegistration - Confirm password provided..
21:18:23.837 [main] INFO  testCases.TC_001_AccountRegistration - policy checked..
21:18:24.611 [main] INFO  testCases.TC_001_AccountRegistration - Clicked continue..
21:18:24.836 [main] INFO  testCases.TC_001_AccountRegistration - Registration Failed
20:14:56.683 [main] INFO  testCases.TC_001_AccountRegistration - Launched CHROME Browser
20:23:08.012 [main] INFO  testCases.TC_001_AccountRegistration - Launched CHROME Browser
21:37:59.317 [main] INFO  testCases.TC_001_AccountRegistration - Launched CHROME Browser
21:38:01.581 [main] INFO  testCases.TC_001_AccountRegistration - opening application..
21:38:03.862 [main] INFO  testCases.TC_001_AccountRegistration - opened Registration page..
21:38:04.217 [main] INFO  testCases.TC_001_AccountRegistration - First name provided..
21:41:59.690 [main] INFO  testCases.TC_001_AccountRegistration - Launched CHROME Browser
21:44:46.285 [main] INFO  testCases.TC_001_AccountRegistration - Launched CHROME Browser
21:47:32.843 [main] INFO  testCases.TC_001_AccountRegistration - Launched CHROME Browser
21:47:34.911 [main] INFO  testCases.TC_001_AccountRegistration - opening application..
21:47:35.968 [main] INFO  testCases.TC_001_AccountRegistration - opened Registration page..
21:47:36.046 [main] INFO  testCases.TC_001_AccountRegistration - First name provided..
21:47:36.104 [main] INFO  testCases.TC_001_AccountRegistration - Last name provided..
21:47:36.168 [main] INFO  testCases.TC_001_AccountRegistration - Email provided..
21:47:36.225 [main] INFO  testCases.TC_001_AccountRegistration - Number provided..
21:47:36.280 [main] INFO  testCases.TC_001_AccountRegistration - Password provided..
21:47:36.334 [main] INFO  testCases.TC_001_AccountRegistration - Confirm password provided..
21:47:36.383 [main] INFO  testCases.TC_001_AccountRegistration - policy checked..
21:47:37.267 [main] INFO  testCases.TC_001_AccountRegistration - Clicked continue..
21:47:37.494 [main] INFO  testCases.TC_001_AccountRegistration - Registration Failed
19:57:00.472 [main] INFO  testCases.TC_001_AccountRegistration - Launched CHROME Browser
19:57:03.353 [main] INFO  testCases.TC_001_AccountRegistration - opening application..
19:57:04.377 [main] INFO  testCases.TC_001_AccountRegistration - opened Registration page..
19:57:04.446 [main] INFO  testCases.TC_001_AccountRegistration - First name provided..
19:57:04.499 [main] INFO  testCases.TC_001_AccountRegistration - Last name provided..
19:57:04.566 [main] INFO  testCases.TC_001_AccountRegistration - Email provided..
19:57:04.622 [main] INFO  testCases.TC_001_AccountRegistration - Number provided..
19:57:04.675 [main] INFO  testCases.TC_001_AccountRegistration - Password provided..
19:57:04.726 [main] INFO  testCases.TC_001_AccountRegistration - Confirm password provided..
19:57:04.772 [main] INFO  testCases.TC_001_AccountRegistration - policy checked..
19:57:05.560 [main] INFO  testCases.TC_001_AccountRegistration - Clicked continue..
19:57:05.895 [main] INFO  testCases.TC_001_AccountRegistration - Registration Failed
19:57:44.640 [main] INFO  testCases.TC_001_AccountRegistration - Launched CHROME Browser
19:57:47.121 [main] INFO  testCases.TC_001_AccountRegistration - opening application..
19:57:48.343 [main] INFO  testCases.TC_001_AccountRegistration - opened Registration page..
19:57:48.510 [main] INFO  testCases.TC_001_AccountRegistration - First name provided..
19:57:48.625 [main] INFO  testCases.TC_001_AccountRegistration - Last name provided..
19:57:48.747 [main] INFO  testCases.TC_001_AccountRegistration - Email provided..
19:57:48.831 [main] INFO  testCases.TC_001_AccountRegistration - Number provided..
19:57:48.910 [main] INFO  testCases.TC_001_AccountRegistration - Password provided..
19:57:48.997 [main] INFO  testCases.TC_001_AccountRegistration - Confirm password provided..
19:57:49.076 [main] INFO  testCases.TC_001_AccountRegistration - policy checked..
19:57:49.692 [main] INFO  testCases.TC_001_AccountRegistration - Clicked continue..
19:58:00.057 [main] INFO  testCases.TC_001_AccountRegistration - Registration Failed
19:59:12.274 [main] INFO  testCases.TC_001_AccountRegistration - Launched CHROME Browser
19:59:14.145 [main] INFO  testCases.TC_001_AccountRegistration - opening application..
19:59:15.061 [main] INFO  testCases.TC_001_AccountRegistration - opened Registration page..
19:59:15.134 [main] INFO  testCases.TC_001_AccountRegistration - First name provided..
19:59:15.194 [main] INFO  testCases.TC_001_AccountRegistration - Last name provided..
19:59:15.257 [main] INFO  testCases.TC_001_AccountRegistration - Email provided..
19:59:15.316 [main] INFO  testCases.TC_001_AccountRegistration - Number provided..
19:59:15.375 [main] INFO  testCases.TC_001_AccountRegistration - Password provided..
19:59:15.432 [main] INFO  testCases.TC_001_AccountRegistration - Confirm password provided..
19:59:15.498 [main] INFO  testCases.TC_001_AccountRegistration - policy checked..
19:59:16.292 [main] INFO  testCases.TC_001_AccountRegistration - Clicked continue..
19:59:16.328 [main] INFO  testCases.TC_001_AccountRegistration - Registration successful
21:25:44.782 [main] INFO  testCases.TC_001_AccountRegistration - Launched CHROME Browser
21:25:47.285 [main] INFO  testCases.TC_001_AccountRegistration - opening application..
21:25:48.096 [main] INFO  testCases.TC_001_AccountRegistration - opened Registration page..
21:25:48.179 [main] INFO  testCases.TC_001_AccountRegistration - First name provided..
21:25:48.251 [main] INFO  testCases.TC_001_AccountRegistration - Last name provided..
21:25:48.322 [main] INFO  testCases.TC_001_AccountRegistration - Email provided..
21:25:48.407 [main] INFO  testCases.TC_001_AccountRegistration - Number provided..
21:25:48.474 [main] INFO  testCases.TC_001_AccountRegistration - Password provided..
21:25:48.541 [main] INFO  testCases.TC_001_AccountRegistration - Confirm password provided..
21:25:48.602 [main] INFO  testCases.TC_001_AccountRegistration - policy checked..
21:25:49.459 [main] INFO  testCases.TC_001_AccountRegistration - Clicked continue..
21:25:49.569 [main] INFO  testCases.TC_001_AccountRegistration - Registration successful
21:28:04.920 [main] INFO  testCases.TC_001_AccountRegistration - Launched CHROME Browser
21:28:07.416 [main] INFO  testCases.TC_001_AccountRegistration - opening application..
21:28:08.437 [main] INFO  testCases.TC_001_AccountRegistration - opened Registration page..
21:28:08.532 [main] INFO  testCases.TC_001_AccountRegistration - First name provided..
21:28:08.601 [main] INFO  testCases.TC_001_AccountRegistration - Last name provided..
21:28:08.676 [main] INFO  testCases.TC_001_AccountRegistration - Email provided..
21:28:08.746 [main] INFO  testCases.TC_001_AccountRegistration - Number provided..
21:28:08.810 [main] INFO  testCases.TC_001_AccountRegistration - Password provided..
21:28:08.874 [main] INFO  testCases.TC_001_AccountRegistration - Confirm password provided..
21:28:08.925 [main] INFO  testCases.TC_001_AccountRegistration - policy checked..
21:28:09.692 [main] INFO  testCases.TC_001_AccountRegistration - Clicked continue..
21:28:09.733 [main] INFO  testCases.TC_001_AccountRegistration - Registration successful
21:51:45.360 [main] INFO  testCases.TC_001_AccountRegistration - Launched CHROME Browser
21:51:49.817 [main] INFO  testCases.TC_001_AccountRegistration - opening application..
21:51:50.590 [main] INFO  testCases.TC_001_AccountRegistration - opened Registration page..
21:51:50.674 [main] INFO  testCases.TC_001_AccountRegistration - First name provided..
21:51:50.736 [main] INFO  testCases.TC_001_AccountRegistration - Last name provided..
21:51:50.797 [main] INFO  testCases.TC_001_AccountRegistration - Email provided..
21:51:50.855 [main] INFO  testCases.TC_001_AccountRegistration - Number provided..
21:51:50.910 [main] INFO  testCases.TC_001_AccountRegistration - Password provided..
21:51:50.963 [main] INFO  testCases.TC_001_AccountRegistration - Confirm password provided..
21:51:51.012 [main] INFO  testCases.TC_001_AccountRegistration - policy checked..
21:51:51.858 [main] INFO  testCases.TC_001_AccountRegistration - Clicked continue..
21:51:51.917 [main] INFO  testCases.TC_001_AccountRegistration - Registration successful
21:52:29.690 [TestNG-tests-1] INFO  testCases.TC_001_AccountRegistration - Launched CHROME Browser
21:52:32.384 [TestNG-tests-1] INFO  testCases.TC_001_AccountRegistration - opening application..
21:52:33.378 [TestNG-tests-1] INFO  testCases.TC_001_AccountRegistration - opened Registration page..
21:52:33.465 [TestNG-tests-1] INFO  testCases.TC_001_AccountRegistration - First name provided..
21:52:33.525 [TestNG-tests-1] INFO  testCases.TC_001_AccountRegistration - Last name provided..
21:52:33.587 [TestNG-tests-1] INFO  testCases.TC_001_AccountRegistration - Email provided..
21:52:33.649 [TestNG-tests-1] INFO  testCases.TC_001_AccountRegistration - Number provided..
21:52:33.704 [TestNG-tests-1] INFO  testCases.TC_001_AccountRegistration - Password provided..
21:52:33.758 [TestNG-tests-1] INFO  testCases.TC_001_AccountRegistration - Confirm password provided..
21:52:33.805 [TestNG-tests-1] INFO  testCases.TC_001_AccountRegistration - policy checked..
21:52:34.598 [TestNG-tests-1] INFO  testCases.TC_001_AccountRegistration - Clicked continue..
21:52:34.652 [TestNG-tests-1] INFO  testCases.TC_001_AccountRegistration - Registration successful
22:45:08.336 [main] INFO  testCases.TC_001_AccountRegistration - Launched CHROME Browser
22:45:11.459 [main] INFO  testCases.TC_001_AccountRegistration - opening application..
22:45:12.498 [main] INFO  testCases.TC_001_AccountRegistration - opened Registration page..
22:45:12.584 [main] INFO  testCases.TC_001_AccountRegistration - First name provided..
22:45:12.648 [main] INFO  testCases.TC_001_AccountRegistration - Last name provided..
22:45:12.717 [main] INFO  testCases.TC_001_AccountRegistration - Email provided..
22:45:12.779 [main] INFO  testCases.TC_001_AccountRegistration - Number provided..
22:45:12.835 [main] INFO  testCases.TC_001_AccountRegistration - Password provided..
22:45:12.891 [main] INFO  testCases.TC_001_AccountRegistration - Confirm password provided..
22:45:12.938 [main] INFO  testCases.TC_001_AccountRegistration - policy checked..
22:45:13.746 [main] INFO  testCases.TC_001_AccountRegistration - Clicked continue..
22:45:13.786 [main] INFO  testCases.TC_001_AccountRegistration - Registration successful
22:45:54.769 [main] INFO  testCases.TC_001_AccountRegistration - Launched CHROME Browser
22:45:57.797 [main] INFO  testCases.TC_001_AccountRegistration - opening application..
22:45:58.581 [main] INFO  testCases.TC_001_AccountRegistration - opened Registration page..
22:45:58.664 [main] INFO  testCases.TC_001_AccountRegistration - First name provided..
22:45:58.726 [main] INFO  testCases.TC_001_AccountRegistration - Last name provided..
22:45:58.793 [main] INFO  testCases.TC_001_AccountRegistration - Email provided..
22:45:58.851 [main] INFO  testCases.TC_001_AccountRegistration - Number provided..
22:45:58.911 [main] INFO  testCases.TC_001_AccountRegistration - Password provided..
22:45:58.966 [main] INFO  testCases.TC_001_AccountRegistration - Confirm password provided..
22:45:59.030 [main] INFO  testCases.TC_001_AccountRegistration - policy checked..
22:45:59.901 [main] INFO  testCases.TC_001_AccountRegistration - Clicked continue..
22:45:59.948 [main] INFO  testCases.TC_001_AccountRegistration - Registration successful
22:47:19.131 [main] INFO  testCases.TC_001_AccountRegistration - Launched CHROME Browser
22:47:25.339 [main] INFO  testCases.TC_001_AccountRegistration - opening application..
22:47:26.119 [main] INFO  testCases.TC_001_AccountRegistration - opened Registration page..
22:47:26.218 [main] INFO  testCases.TC_001_AccountRegistration - First name provided..
22:47:26.279 [main] INFO  testCases.TC_001_AccountRegistration - Last name provided..
22:47:26.339 [main] INFO  testCases.TC_001_AccountRegistration - Email provided..
22:47:26.399 [main] INFO  testCases.TC_001_AccountRegistration - Number provided..
22:47:26.463 [main] INFO  testCases.TC_001_AccountRegistration - Password provided..
22:47:26.520 [main] INFO  testCases.TC_001_AccountRegistration - Confirm password provided..
22:47:26.568 [main] INFO  testCases.TC_001_AccountRegistration - policy checked..
22:47:27.401 [main] INFO  testCases.TC_001_AccountRegistration - Clicked continue..
22:47:27.447 [main] INFO  testCases.TC_001_AccountRegistration - Registration successful
22:48:09.279 [main] INFO  testCases.TC_001_AccountRegistration - Launched CHROME Browser
22:48:11.877 [main] INFO  testCases.TC_001_AccountRegistration - opening application..
22:48:12.635 [main] INFO  testCases.TC_001_AccountRegistration - opened Registration page..
22:48:12.730 [main] INFO  testCases.TC_001_AccountRegistration - First name provided..
22:48:12.796 [main] INFO  testCases.TC_001_AccountRegistration - Last name provided..
22:48:12.862 [main] INFO  testCases.TC_001_AccountRegistration - Email provided..
22:48:12.927 [main] INFO  testCases.TC_001_AccountRegistration - Number provided..
22:48:12.984 [main] INFO  testCases.TC_001_AccountRegistration - Password provided..
22:48:13.043 [main] INFO  testCases.TC_001_AccountRegistration - Confirm password provided..
22:48:13.092 [main] INFO  testCases.TC_001_AccountRegistration - policy checked..
22:48:14.099 [main] INFO  testCases.TC_001_AccountRegistration - Registration successful
22:49:26.037 [main] INFO  testCases.TC_001_AccountRegistration - Launched CHROME Browser
22:50:06.630 [main] INFO  testCases.TC_001_AccountRegistration - Launched CHROME Browser
22:51:14.635 [main] INFO  testCases.TC_001_AccountRegistration - Launched CHROME Browser
22:52:20.169 [main] INFO  testCases.TC_001_AccountRegistration - Launched CHROME Browser
22:52:22.642 [main] INFO  testCases.TC_001_AccountRegistration - opening application..
22:52:23.561 [main] INFO  testCases.TC_001_AccountRegistration - opened Registration page..
22:52:23.638 [main] INFO  testCases.TC_001_AccountRegistration - First name provided..
22:52:23.701 [main] INFO  testCases.TC_001_AccountRegistration - Last name provided..
22:52:23.766 [main] INFO  testCases.TC_001_AccountRegistration - Email provided..
22:52:23.823 [main] INFO  testCases.TC_001_AccountRegistration - Number provided..
22:52:23.881 [main] INFO  testCases.TC_001_AccountRegistration - Password provided..
22:52:23.935 [main] INFO  testCases.TC_001_AccountRegistration - Confirm password provided..
22:52:24.003 [main] INFO  testCases.TC_001_AccountRegistration - policy checked..
22:52:24.809 [main] INFO  testCases.TC_001_AccountRegistration - Clicked continue..
22:52:24.845 [main] INFO  testCases.TC_001_AccountRegistration - Registration successful
22:53:42.955 [main] INFO  testCases.TC_001_AccountRegistration - Launched CHROME Browser
22:53:45.450 [main] INFO  testCases.TC_001_AccountRegistration - opening application..
22:53:46.228 [main] INFO  testCases.TC_001_AccountRegistration - opened Registration page..
22:53:46.308 [main] INFO  testCases.TC_001_AccountRegistration - First name provided..
22:53:46.368 [main] INFO  testCases.TC_001_AccountRegistration - Last name provided..
22:53:46.432 [main] INFO  testCases.TC_001_AccountRegistration - Email provided..
22:53:46.490 [main] INFO  testCases.TC_001_AccountRegistration - Number provided..
22:53:46.549 [main] INFO  testCases.TC_001_AccountRegistration - Password provided..
22:53:46.609 [main] INFO  testCases.TC_001_AccountRegistration - Confirm password provided..
22:53:46.673 [main] INFO  testCases.TC_001_AccountRegistration - policy checked..
22:53:47.178 [main] INFO  testCases.TC_001_AccountRegistration - Clicked continue..
22:53:57.575 [main] INFO  testCases.TC_001_AccountRegistration - Registration Failed
22:54:17.346 [main] INFO  testCases.TC_001_AccountRegistration - Launched CHROME Browser
22:54:19.869 [main] INFO  testCases.TC_001_AccountRegistration - opening application..
22:54:20.751 [main] INFO  testCases.TC_001_AccountRegistration - opened Registration page..
22:54:20.832 [main] INFO  testCases.TC_001_AccountRegistration - First name provided..
22:54:20.895 [main] INFO  testCases.TC_001_AccountRegistration - Last name provided..
22:54:20.959 [main] INFO  testCases.TC_001_AccountRegistration - Email provided..
22:54:21.018 [main] INFO  testCases.TC_001_AccountRegistration - Number provided..
22:54:21.075 [main] INFO  testCases.TC_001_AccountRegistration - Password provided..
22:54:21.131 [main] INFO  testCases.TC_001_AccountRegistration - Confirm password provided..
22:54:21.184 [main] INFO  testCases.TC_001_AccountRegistration - policy checked..
22:54:21.696 [main] INFO  testCases.TC_001_AccountRegistration - Clicked continue..
22:54:31.951 [main] INFO  testCases.TC_001_AccountRegistration - Registration Failed
22:54:51.342 [main] INFO  testCases.TC_001_AccountRegistration - Launched CHROME Browser
22:54:53.942 [main] INFO  testCases.TC_001_AccountRegistration - opening application..
22:54:55.264 [main] INFO  testCases.TC_001_AccountRegistration - opened Registration page..
22:54:55.343 [main] INFO  testCases.TC_001_AccountRegistration - First name provided..
22:54:55.402 [main] INFO  testCases.TC_001_AccountRegistration - Last name provided..
22:54:55.468 [main] INFO  testCases.TC_001_AccountRegistration - Email provided..
22:54:55.530 [main] INFO  testCases.TC_001_AccountRegistration - Number provided..
22:54:55.588 [main] INFO  testCases.TC_001_AccountRegistration - Password provided..
22:54:55.648 [main] INFO  testCases.TC_001_AccountRegistration - Confirm password provided..
22:54:55.703 [main] INFO  testCases.TC_001_AccountRegistration - policy checked..
22:54:56.515 [main] INFO  testCases.TC_001_AccountRegistration - Clicked continue..
22:54:56.559 [main] INFO  testCases.TC_001_AccountRegistration - Registration successful
23:18:17.738 [main] INFO  testCases.TC_002_Login - Launched CHROME Browser
23:18:17.762 [main] INFO  testCases.TC_002_Login - Starting TC_002_Login
23:18:19.941 [main] INFO  testCases.TC_002_Login - opening application..
23:18:20.783 [main] INFO  testCases.TC_002_Login - Email Provided
23:18:20.865 [main] INFO  testCases.TC_002_Login - Password Provided
23:18:21.669 [main] INFO  testCases.TC_002_Login - Clicked on Login
23:18:21.770 [main] INFO  testCases.TC_002_Login - Login Success
23:46:44.624 [main] INFO  testCases.TC_002_Login - Launched CHROME Browser
23:46:44.646 [main] INFO  testCases.TC_002_Login - Starting TC_002_Login
23:46:46.861 [main] INFO  testCases.TC_002_Login - opening application..
23:46:47.799 [main] INFO  testCases.TC_002_Login - Email Provided
23:46:47.873 [main] INFO  testCases.TC_002_Login - Password Provided
23:46:48.714 [main] INFO  testCases.TC_002_Login - Clicked on Login
23:46:48.782 [main] INFO  testCases.TC_002_Login - Login Success
00:13:26.610 [main] INFO  testCases.TC_002_Login - Launched CHROME Browser
00:13:26.633 [main] INFO  testCases.TC_002_Login - Starting TC_002_Login
00:13:27.713 [main] INFO  testCases.TC_002_Login - opening application..
00:13:28.642 [main] INFO  testCases.TC_002_Login - Email Provided
00:13:28.707 [main] INFO  testCases.TC_002_Login - Password Provided
00:13:29.530 [main] INFO  testCases.TC_002_Login - Clicked on Login
00:13:29.588 [main] INFO  testCases.TC_002_Login - Login Success
